ncsim(64) 15.20-s084
Linux 3.10.0-1160.el7.x86_64 #1 SMP Mon Oct 19 16:18:59 UTC 2020 x86_64
CPU cores: 256
Limit information:
======================================
cputime			unlimited
filesize		unlimited
datasize		unlimited
stacksize		8192 kbytes
coredumpsize	0 kbytes
memoryuse		unlimited
vmemoryuse		unlimited
descriptors		4096
memorylocked	64 kbytes
maxproc			4096
======================================
(Special)Runtime environment variables:

Runtime environment variables:
REMOTEHOST=140-113-69-49.dorm9.nctu.edu.tw
SYNOPSYS_LC_ROOT=/cad/synopsys/lc/cur
MANPATH=/usr/cad/synopsys/siliconsmart/2022.12/ncx/man:/usr/cad/synopsys/synthesis/2022.03/doc/syn/man:/usr/cad/synopsys/vcs/2022.06/doc/man:/usr/cad/synopsys/lc/2022.03/doc/lc/man:/usr/cad/synopsys/star-rcxt/2019.12-sp5-3//starrc/man
POWERVIEW_64=1
TMIARCH=RH_64
XDG_SESSION_ID=46166
XLOCALEDIR=/usr/cad/synopsys/icc2/2021.06-sp5//etc/locale
HOSTNAME=ee23
HOST=ee23
TERM=xterm
SHELL=/bin/tcsh
SSH_CLIENT=140.113.69.49 64412 415
CDS_LOAD_ENV=CSF
MGC_LOCATION_MAP=NO_MAP
HSP_GCC_VERSION=7.3.0
QTDIR=/usr/lib64/qt-3.3
QTINC=/usr/lib64/qt-3.3/include
SSH_TTY=/dev/pts/31
SPAPI_AHDL_INCLUDE=/RAID2/cad/synopsys/hspice/2020.03-sp2-2/hspice/include
QT_GRAPHICSSYSTEM_CHECKED=1
HSP_HOME=/RAID2/cad/synopsys/hspice/2020.03-sp2-2/hspice
GROUP=si2_contest
USER=si2_contest004
LD_LIBRARY_PATH=/RAID2/cad/synopsys/verdi/cur/share/PLI/IUS/linux64/boot:/RAID2/cad/synopsys/verdi/cur/share/PLI/lib/linux64
LS_COLORS=rs=0:di=01;34:ln=01;36:mh=00:pi=40;33:so=01;35:do=01;35:bd=40;33;01:cd=40;33;01:or=40;31;01:mi=01;05;37;41:su=37;41:sg=30;43:ca=30;41:tw=30;42:ow=34;42:st=37;44:ex=01;32:*.tar=01;31:*.tgz=01;31:*.arc=01;31:*.arj=01;31:*.taz=01;31:*.lha=01;31:*.lz4=01;31:*.lzh=01;31:*.lzma=01;31:*.tlz=01;31:*.txz=01;31:*.tzo=01;31:*.t7z=01;31:*.zip=01;31:*.z=01;31:*.Z=01;31:*.dz=01;31:*.gz=01;31:*.lrz=01;31:*.lz=01;31:*.lzo=01;31:*.xz=01;31:*.bz2=01;31:*.bz=01;31:*.tbz=01;31:*.tbz2=01;31:*.tz=01;31:*.deb=01;31:*.rpm=01;31:*.jar=01;31:*.war=01;31:*.ear=01;31:*.sar=01;31:*.rar=01;31:*.alz=01;31:*.ace=01;31:*.zoo=01;31:*.cpio=01;31:*.7z=01;31:*.rz=01;31:*.cab=01;31:*.jpg=01;35:*.jpeg=01;35:*.gif=01;35:*.bmp=01;35:*.pbm=01;35:*.pgm=01;35:*.ppm=01;35:*.tga=01;35:*.xbm=01;35:*.xpm=01;35:*.tif=01;35:*.tiff=01;35:*.png=01;35:*.svg=01;35:*.svgz=01;35:*.mng=01;35:*.pcx=01;35:*.mov=01;35:*.mpg=01;35:*.mpeg=01;35:*.m2v=01;35:*.mkv=01;35:*.webm=01;35:*.ogm=01;35:*.mp4=01;35:*.m4v=01;35:*.mp4v=01;35:*.vob=01;35:*.qt=01;35:*.nuv=01;35:*.wmv=01;35:*.asf=01;35:*.rm=01;35:*.rmvb=01;35:*.flc=01;35:*.avi=01;35:*.fli=01;35:*.flv=01;35:*.gl=01;35:*.dl=01;35:*.xcf=01;35:*.xwd=01;35:*.yuv=01;35:*.cgm=01;35:*.emf=01;35:*.axv=01;35:*.anx=01;35:*.ogv=01;35:*.ogx=01;35:*.aac=01;36:*.au=01;36:*.flac=01;36:*.mid=01;36:*.midi=01;36:*.mka=01;36:*.mp3=01;36:*.mpc=01;36:*.ogg=01;36:*.ra=01;36:*.wav=01;36:*.axa=01;36:*.oga=01;36:*.spx=01;36:*.xspf=01;36:
installdir=/RAID2/cad/synopsys/hspice/2020.03-sp2-2/hspice
HOSTTYPE=x86_64-linux
CMIARCH=RH_64
SYNOPSYS_NCX_ROOT=/usr/cad/synopsys/star-rcxt/2019.12-sp5-3/
VC_STATIC_HOME=/usr/cad/synopsys/vc_formal/cur/
MAIL=/var/spool/mail/si2_contest004
PATH=/RAID2/cad/MATLAB/bin/:/opt/btop/bin/:/RAID2/cad/Xilinx/Vivado/2020.2/bin:/RAID2/eda/jasper_2021.03//bin:/usr/cad/synopsys/cosmos_scope/cur/ai_bin:/usr/cad/synopsys/icc/2022.03/amd64/syn/bin:/usr/cad/synopsys/primetime/2019.03-sp5-1//amd64/syn/bin:/usr/cad/synopsys/fc/2022.03/bin:/usr/cad/synopsys/lc/2022.03/bin:/usr/cad/synopsys/vc_formal/cur/bin:/usr/cad/synopsys/vcs/2022.06/amd64/bin:/usr/cad/synopsys/verdi/2019.06//bin:/usr/cad/synopsys/synthesis/2022.03/amd64/syn/bin:/cad/synopsys/lc/cur/bin:/usr/cad/cadence/SPECTRE/SPECTRE_19.10.322//tools/bin/64bit:/usr/cad/cadence/SPECTRE/SPECTRE_19.10.322//tools/dfII/bin/64bit:/usr/cad/cadence/SPECTRE/SPECTRE_19.10.322//tools/bin:/usr/cad/cadence/SPECTRE/SPECTRE_19.10.322//tools/dfII/bin:/usr/cad/cadence/SSV/SSV_21.12.000//tools/bin/64bit:/usr/cad/cadence/SSV/SSV_21.12.000//tools/bin:/usr/cad/cadence/QUANTUS/QUANTUS_21.11.000//tools/bin/64bit:/usr/cad/cadence/QUANTUS/QUANTUS_21.11.000//tools/bin:/usr/cad/cadence/PEGASUS/PEGASUS_21.20.000//tools/bin/64bit:/usr/cad/cadence/PEGASUS/PEGASUS_21.20.000//tools/bin:/usr/cad/cadence/JASPER/./jasper_2023.03//bin:/usr/cad/cadence/INNOVUS/INNOVUS_20.15.000/tools/bin/64bit:/usr/cad/cadence/INNOVUS/INNOVUS_20.15.000/tools/bin:/usr/cad/cadence/INCISIV/INCISIVE_15.20.084/tools/bin/64bit:/usr/cad/cadence/INCISIV/INCISIVE_15.20.084/tools/bin:/usr/cad/cadence/XCELIUM/XCELIUM_22.03.003/tools/bin/64bit:/usr/cad/cadence/XCELIUM/XCELIUM_22.03.003/tools/bin:/usr/cad/cadence/GENUS/GENUS_20.10.000/tools/bin/64bit:/usr/cad/cadence/GENUS/GENUS_20.10.000/tools/bin:/usr/cad/mentor/calibre/aoi_cal_2019.2_26.18//bin:/usr/cad/synopsys/laker_oa/2021.06//bin:/usr/cad/synopsys/customexplorer/2022.06//bin:/usr/cad/synopsys/customcompiler/2020.12-sp1-2//bin:/usr/cad/synopsys/customcompiler/2020.12-sp1-2//primewave/bin:/usr/cad/synopsys/siliconsmart/2022.12/bin:/usr/cad/synopsys/xa/2022.06//bin:/usr/cad/synopsys/finesim/2022.06//bin:/RAID2/cad/synopsys/hspice/2020.03-sp2-2/hspice/bin:/RAID2/cad/synopsys/hspice/2020.03-sp2-2/hspice/GNU/linux64/gcc/bin:/RAID2/cad/synopsys/hspice/2020.03-sp2-2/hspice/linux64:/usr/bin:/usr/ucb/bin:/usr/cad/synopsys/hspice/2020.03-sp2-2//hspice/bin:/usr/cad/cadence/LIBERATE/LIBREATE_21.72.187/tools.lnx86/bin/64bit:/usr/cad/cadence/LIBERATE/LIBREATE_21.72.187/tools.lnx86/bin:/usr/cad/cadence/IC/IC_06.18.250/tools/bin:/usr/cad/cadence/IC/IC_06.18.250/tools/dracula/bin:/usr/cad/cadence/IC/IC_06.18.250/tools/dfII/bin:/usr/cad/cadence/IC/IC_06.18.250/tools/bin/64bit:/usr/cad/cadence/IC/IC_06.18.250/tools/dracula/bin/64bit:/usr/cad/cadence/IC/IC_06.18.250/tools/dfII/bin/64bit:/usr/lib64/qt-3.3/bin:/usr/local/bin:/usr/bin:/usr/local/sbin:/usr/sbin:/usr/sbin/:/usr/sbin/:/RAID2/Tool/bin/
VERDI_HOME=/usr/cad/synopsys/verdi/2019.06/
CALIBRE_HOME=/usr/cad/mentor/calibre/aoi_cal_2019.2_26.18/
PWD=/RAID2/COURSE/si2_contest/si2_contest004/Contest/icc2017cb/03_GATE
VCS_HOME=/usr/cad/synopsys/vcs/2022.06
Laker_TCL_ToolBox=1
FINESIM_64=1
FINEWAVE_64=1
VCS_CC=gcc
CDSHOME=/usr/cad/cadence/IC/IC_06.18.250
SYNOPSYS=/usr/cad/synopsys/synthesis/cur/
LM_LICENSE_FILE=26585@lshc:5280@lshc:1717@lshc:5280@lstn:5280@lstc:26585@lstn:26585@lstc:
CDS_Netlisting_Mode=Analog
SSH_ASKPASS=/usr/libexec/openssh/gnome-ssh-askpass
HSP_GCC=/RAID2/cad/synopsys/hspice/2020.03-sp2-2/hspice/GNU/linux64/gcc/bin/gcc -m64 
SHLVL=2
HOME=/RAID2/COURSE/si2_contest/si2_contest004
OSTYPE=linux
MGC_HOME=/usr/cad/mentor/calibre/aoi_cal_2019.2_26.18/
Laker_TCL_L3=1
ICV_HOME_DIR=/usr/cad/synopsys/icvalidator/2021.06-sp2/
CDS_AUTO_64BIT=ALL
SNPS_64=1
MGC_TMPDIR=/tmp
SNPS_PLATFORM=linux64
HSP_SIGMA_AMP=/RAID2/cad/synopsys/hspice/2020.03-sp2-2/hspice/linux64/python/Omega/Omega
VENDOR=unknown
MACHTYPE=x86_64
LOGNAME=si2_contest004
MGLS_LICENSE_FILE=1717@lshc
QTLIB=/usr/lib64/qt-3.3/lib
SSH_CONNECTION=140.113.69.49 64412 140.113.201.23 415
mraarch=linux_64
LESSOPEN=||/usr/bin/lesspipe.sh %s
JGOLD_dir=/RAID2/eda/jasper_2021.03/
SHLIB_PATH=/usr/cad/synopsys/verdi/2019.06//etc/lib/libstdc++/LINUX64/:/usr/cad/synopsys/verdi/2019.06//share/PLI/lib/LINUX64/:/usr/cad/synopsys/verdi/2019.06//share/PLI/VCS/LINUX64/:
ARCH=linux64
CDPL_HOME=/RAID2/cad/synopsys/hspice/2020.03-sp2-2/hspice/cdpl
XDG_RUNTIME_DIR=/run/user/10816
DISPLAY=localhost:25.0
SYN_MAN_DIR=/usr/cad/synopsys/star-rcxt/2019.12-sp5-3//starrc/man
_=/usr/cad/cadence/INCISIV/INCISIVE_15.20.084/tools/bin/64bit/irun
_IRUNROOT_=/usr/cad/cadence/INCISIV/INCISIVE_15.20.084/tools
CDS_ARCH=lnx86
NCRUNMODE=irun:./INCA_libs/irun.lnx8664.15.20.nc
IRUNBATCH=FALSE
IMPERAS_PORT_FILE=.vsp_ovp_gdb_port
TCL_LIBRARY=/usr/cad/cadence/INCISIV/INCISIVE_15.20.084/tools/inca/files/tcl/library
Runtime command line arguments:
argv[0]=irun
argv[1]=-f
argv[2]=ncvlog_60.f
argv[3]=LEDDC_syn.v
argv[4]=-timescale
argv[5]=1ns/10ps
argv[6]=-f
argv[7]=file_list.f
argv[8]=../04_MEM/sram_512x16.v
argv[9]=testfixture_60fps.v
argv[10]=-v
argv[11]=~/IC_CONTEST/CBDK_IC_Contest_v2.5/Verilog/tsmc13_neg.v
argv[12]=+access+r
argv[13]=+define+SDF
argv[14]=+debug
argv[15]=+notimingchecks
argv[16]=-loadpli1
argv[17]=debpli:novas_pli_boot
117 profile - 100
          CPU/Mem usage: 0.050 sys,  0.010 user,  105.91M sys,  0.00M vm
118 VC callback profile - scalar:0 vector:0
119 Fri Apr 21 23:09:43 2023
120 pliAppInit
121 FSDB_GATE is disabled.
122 Enable Parallel Dumping.
123 pliAppMiscSet: New Sim Round
124 pliEntryInit
125 LIBSSCORE=found /RAID2/cad/synopsys/verdi/cur/share/PLI/IUS/linux64/boot/libsscore_ius152.so through $LD_LIBRARY_PATH setting.
126 argv[0]: LEDDC_60fps.fsdb
127 FSDB Dumper for IUS, Release Verdi_P-2019.06, Linux x86_64/64bit, 05/26/2019
128 (C) 1996 - 2019 by Synopsys, Inc.
129 sps_call_fsdbDumpfile at 0 : /RAID2/COURSE/si2_contest/si2_contest004/Contest/icc2017cb/03_GATE/testfixture_60fps.v(84)
130 argv[0]: LEDDC_60fps.fsdb
131 *Verdi* : Create FSDB file 'LEDDC_60fps.fsdb'
132 sps_call_fsdbDumpvars at 0 : /RAID2/COURSE/si2_contest/si2_contest004/Contest/icc2017cb/03_GATE/testfixture_60fps.v(85)
133 *Verdi* : Begin traversing the scopes, layer (0).
134 Cell instance `test.u_LEDDC.u0'.
135 *Verdi* : End of traversing.
136 fsdbDumpvars traverse var: profile - 
          CPU/Mem usage: 0.050 sys,  0.080 user,  196.38M sys,  0.00M vm
                   incr: 0.000 sys,  0.060 user,  9.19M sys,  0.00M vm
                   accu: 0.000 sys,  0.060 user,  9.19M sys,  0.00M vm
              accu incr: 0.000 sys,  0.060 user,  9.19M sys,  0.00M vm

          Count usage: 17365 var,  5161 idcode,  5161 callback
                 incr: 17365 var,  5161 idcode,  5161 callback
                 accu: 17365 var,  5161 idcode,  5161 callback
            accu incr: 17365 var,  5161 idcode,  5161 callback
137 VC callback profile - scalar:0 vector:0
138 Fri Apr 21 23:09:43 2023
139 fsdbDumpvars: profile - 
          CPU/Mem usage: 0.050 sys,  0.080 user,  197.44M sys,  0.00M vm
                   incr: 0.000 sys,  0.000 user,  1.05M sys,  0.00M vm
                   accu: 0.000 sys,  0.060 user,  10.24M sys,  0.00M vm
              accu incr: 0.000 sys,  0.000 user,  1.05M sys,  0.00M vm

          Count usage: 17365 var,  5161 idcode,  5161 callback
                 incr: 0 var,  0 idcode,  0 callback
                 accu: 17365 var,  5161 idcode,  5161 callback
            accu incr: 0 var,  0 idcode,  0 callback
140 VC callback profile - scalar:5115 vector:46
141 Fri Apr 21 23:09:43 2023
142 sps_call_fsdbDumpMDA at 0 : /RAID2/COURSE/si2_contest/si2_contest004/Contest/icc2017cb/03_GATE/testfixture_60fps.v(86)
143 *Verdi* : Begin traversing the MDAs, layer (0).
144 *Verdi* : Enable +mda and +packedmda dumping.
145 Cell instance `test.u_LEDDC.u0'.
146 *Verdi* : End of traversing the MDAs.
147 fsdbDumpMDA traverse var: profile - 
          CPU/Mem usage: 0.050 sys,  0.100 user,  198.41M sys,  0.00M vm
                   incr: 0.000 sys,  0.020 user,  0.97M sys,  0.00M vm
                   accu: 0.000 sys,  0.020 user,  0.97M sys,  0.00M vm
              accu incr: 0.000 sys,  0.020 user,  0.97M sys,  0.00M vm

          Count usage: 20709 var,  8505 idcode,  8506 callback
                 incr: 3344 var,  3344 idcode,  3345 callback
                 accu: 3344 var,  3344 idcode,  3345 callback
            accu incr: 3344 var,  3344 idcode,  3345 callback
148 VC callback profile - scalar:5115 vector:46
149 Fri Apr 21 23:09:43 2023
150 fsdbDumpMDA: profile - 
          CPU/Mem usage: 0.050 sys,  0.100 user,  198.55M sys,  0.00M vm
                   incr: 0.000 sys,  0.000 user,  0.14M sys,  0.00M vm
                   accu: 0.000 sys,  0.020 user,  1.11M sys,  0.00M vm
              accu incr: 0.000 sys,  0.000 user,  0.14M sys,  0.00M vm

          Count usage: 20709 var,  8505 idcode,  8506 callback
                 incr: 0 var,  0 idcode,  0 callback
                 accu: 3344 var,  3344 idcode,  3345 callback
            accu incr: 0 var,  0 idcode,  0 callback
151 VC callback profile - scalar:5115 vector:3390
152 Fri Apr 21 23:09:43 2023
153 End of simulation at 83331290000
154 VC callback profile - scalar:301665617 vector:206944890
155 Fri Apr 21 23:11:01 2023
156 Begin FSDB profile info:
157 FSDB Writer : bc1(301665617) bcn(206944890) mtf/stf(0/33)
FSDB Writer elapsed time : flush(13.114520) io wait(0.000000) theadpool wait(0.000000) target functin(0.000000)
FSDB Writer cpu time : MT Compression : 0
158 End FSDB profile info
159 Parallel profile    -  Flush:4 Expand:1 ProduceWait:0 ConsumerWait:2905 BlockUsed:4433
160                        ProduceTime:79.095509118 ConsumerTime:38.639965612 Buffer:96MB
161 SimExit
162 Sim process exit
