irun(64): 15.20-s084: (c) Copyright 1995-2020 Cadence Design Systems, Inc.
TOOL:	irun(64)	15.20-s084: Started on May 01, 2023 at 20:51:10 CST
irun
	-f ncvlog_30.f
		LEDDC.v
		-f file_list.f
			../04_MEM/sram_512x16.v
		testfixture_30fps.v
		+access+r
		+define+RTL
		+debug
		+notimingchecks
	-loadpli1 debpli:novas_pli_boot
Loading snapshot worklib.test:v .................... Done
*Verdi* Loading libsscore_ius152.so
ncsim> source /usr/cad/cadence/INCISIV/INCISIVE_15.20.084/tools/inca/files/ncsimrc
ncsim> run
FSDB Dumper for IUS, Release Verdi_P-2019.06, Linux x86_64/64bit, 05/26/2019
(C) 1996 - 2019 by Synopsys, Inc.
*Verdi* FSDB WARNING: The FSDB file already exists. Overwriting the FSDB file may crash the programs that are using this file.
*Verdi* : Create FSDB file 'LEDDC_30fps.fsdb'
*Verdi* : Begin traversing the scopes, layer (0).
*Verdi* : End of traversing.
*Verdi* : Begin traversing the MDAs, layer (0).
*Verdi* : Enable +mda and +packedmda dumping.
*Verdi* : End of traversing the MDAs.

Pass @  frame_00   scanline_00 


Pass @  frame_00   scanline_01 


Pass @  frame_00   scanline_02 


Pass @  frame_00   scanline_03 


Pass @  frame_00   scanline_04 


Pass @  frame_00   scanline_05 


Pass @  frame_00   scanline_06 


Pass @  frame_00   scanline_07 


Pass @  frame_00   scanline_08 

Simulation interrupted at 36036319500 PS + 0
ncsim> exit
TOOL:	irun(64)	15.20-s084: Exiting on May 01, 2023 at 20:51:17 CST  (total: 00:00:07)
